{"numFailedTestSuites":1,"numFailedTests":1,"numPassedTestSuites":0,"numPassedTests":2,"numPendingTestSuites":0,"numPendingTests":0,"numRuntimeErrorTestSuites":0,"numTodoTests":0,"numTotalTestSuites":1,"numTotalTests":3,"openHandles":[],"snapshot":{"added":0,"didUpdate":false,"failure":false,"filesAdded":0,"filesRemoved":0,"filesRemovedList":[],"filesUnmatched":0,"filesUpdated":0,"matched":0,"total":0,"unchecked":0,"uncheckedKeysByFile":[],"unmatched":0,"updated":0},"startTime":1765670687236,"success":false,"testResults":[{"assertionResults":[{"ancestorTitles":["matchFace"],"duration":3,"failing":false,"failureDetails":[{"matcherResult":{"message":"\u001b[2mexpect(\u001b[22m\u001b[31mreceived\u001b[39m\u001b[2m).\u001b[22mtoContain\u001b[2m(\u001b[22m\u001b[32mexpected\u001b[39m\u001b[2m) // indexOf\u001b[22m\n\nExpected substring: \u001b[32m\"eventId: Required\"\u001b[39m\nReceived string:    \u001b[31m\"eventId: Invalid input: expected string, received undefined\"\u001b[39m","pass":false}}],"failureMessages":["Error: \u001b[2mexpect(\u001b[22m\u001b[31mreceived\u001b[39m\u001b[2m).\u001b[22mtoContain\u001b[2m(\u001b[22m\u001b[32mexpected\u001b[39m\u001b[2m) // indexOf\u001b[22m\n\nExpected substring: \u001b[32m\"eventId: Required\"\u001b[39m\nReceived string:    \u001b[31m\"eventId: Invalid input: expected string, received undefined\"\u001b[39m\n    at Object.<anonymous> (D:\\EventFaceMatch\\backend\\tests\\matchFace.test.ts:47:51)"],"fullName":"matchFace should return 400 if eventId is missing","invocations":1,"location":null,"numPassingAsserts":1,"retryReasons":[],"startAt":1765670689050,"status":"failed","title":"should return 400 if eventId is missing"},{"ancestorTitles":["matchFace"],"duration":1,"failing":false,"failureDetails":[],"failureMessages":[],"fullName":"matchFace should return empty matches if no faces found in Rekognition","invocations":1,"location":null,"numPassingAsserts":2,"retryReasons":[],"startAt":1765670689056,"status":"passed","title":"should return empty matches if no faces found in Rekognition"},{"ancestorTitles":["matchFace"],"duration":1,"failing":false,"failureDetails":[],"failureMessages":[],"fullName":"matchFace should match faces using in-memory map logic","invocations":1,"location":null,"numPassingAsserts":5,"retryReasons":[],"startAt":1765670689057,"status":"passed","title":"should match faces using in-memory map logic"}],"endTime":1765670689064,"message":"\u001b[1m\u001b[31m  \u001b[1m● \u001b[22m\u001b[1mmatchFace › should return 400 if eventId is missing\u001b[39m\u001b[22m\n\n    \u001b[2mexpect(\u001b[22m\u001b[31mreceived\u001b[39m\u001b[2m).\u001b[22mtoContain\u001b[2m(\u001b[22m\u001b[32mexpected\u001b[39m\u001b[2m) // indexOf\u001b[22m\n\n    Expected substring: \u001b[32m\"eventId: Required\"\u001b[39m\n    Received string:    \u001b[31m\"eventId: Invalid input: expected string, received undefined\"\u001b[39m\n\u001b[2m\u001b[22m\n\u001b[2m    \u001b[0m \u001b[90m 45 |\u001b[39m         \u001b[36mconst\u001b[39m response \u001b[33m=\u001b[39m \u001b[36mawait\u001b[39m handler(event)\u001b[33m;\u001b[39m\u001b[22m\n\u001b[2m     \u001b[90m 46 |\u001b[39m         expect(response\u001b[33m.\u001b[39mstatusCode)\u001b[33m.\u001b[39mtoBe(\u001b[35m400\u001b[39m)\u001b[33m;\u001b[39m\u001b[22m\n\u001b[2m    \u001b[31m\u001b[1m>\u001b[22m\u001b[2m\u001b[39m\u001b[90m 47 |\u001b[39m         expect(\u001b[33mJSON\u001b[39m\u001b[33m.\u001b[39mparse(response\u001b[33m.\u001b[39mbody)\u001b[33m.\u001b[39mmessage)\u001b[33m.\u001b[39mtoContain(\u001b[32m'eventId: Required'\u001b[39m)\u001b[33m;\u001b[39m\u001b[22m\n\u001b[2m     \u001b[90m    |\u001b[39m                                                   \u001b[31m\u001b[1m^\u001b[22m\u001b[2m\u001b[39m\u001b[22m\n\u001b[2m     \u001b[90m 48 |\u001b[39m     })\u001b[33m;\u001b[39m\u001b[22m\n\u001b[2m     \u001b[90m 49 |\u001b[39m\u001b[22m\n\u001b[2m     \u001b[90m 50 |\u001b[39m     it(\u001b[32m'should return empty matches if no faces found in Rekognition'\u001b[39m\u001b[33m,\u001b[39m \u001b[36masync\u001b[39m () \u001b[33m=>\u001b[39m {\u001b[0m\u001b[22m\n\u001b[2m\u001b[22m\n\u001b[2m      \u001b[2mat Object.<anonymous> (\u001b[22m\u001b[2m\u001b[0m\u001b[36mtests/matchFace.test.ts\u001b[39m\u001b[0m\u001b[2m:47:51)\u001b[22m\u001b[2m\u001b[22m\n","name":"D:\\EventFaceMatch\\backend\\tests\\matchFace.test.ts","startTime":1765670687401,"status":"failed","summary":""}],"wasInterrupted":false}
